This file contains any messages produced by compilers while
running configure, to aid debugging if configure makes a mistake.

It was created by PTLib configure 2.13beta3, which was
generated by GNU Autoconf 2.69.  Invocation command line was

  $ /Volumes/DATA/VMShare/WORKSPACE/ANDROID/WORK/Compile/AndOpal/ptlib/configure 

## --------- ##
## Platform. ##
## --------- ##

hostname = YRH-iMACs-iMac.local
uname -m = x86_64
uname -r = 13.0.0
uname -s = Darwin
uname -v = Darwin Kernel Version 13.0.0: Thu Sep 19 22:22:27 PDT 2013; root:xnu-2422.1.72~6/RELEASE_X86_64

/usr/bin/uname -p = i386
/bin/uname -X     = unknown

/bin/arch              = unknown
/usr/bin/arch -k       = unknown
/usr/convex/getsysinfo = unknown
/usr/bin/hostinfo      = Mach kernel version:
	 Darwin Kernel Version 13.0.0: Thu Sep 19 22:22:27 PDT 2013; root:xnu-2422.1.72~6/RELEASE_X86_64
Kernel configured for up to 4 processors.
4 processors are physically available.
4 processors are logically available.
Processor type: i486 (Intel 80486)
Processors active: 0 1 2 3
Primary memory available: 4.00 gigabytes
Default processor set: 187 tasks, 790 threads, 4 processors
Load average: 1.60, Mach factor: 2.94
/bin/machine           = unknown
/usr/bin/oslevel       = unknown
/bin/universe          = unknown

PATH: /Applications/Xcode.app/Contents/Developer/usr/bin
PATH: /usr/bin
PATH: /bin
PATH: /usr/sbin
PATH: /sbin
PATH: /opt/local/bin


## ----------- ##
## Core tests. ##
## ----------- ##

configure:3260: checking for pkg-config
configure:3293: result: no
configure:3327: error: pkg-config is required

## ---------------- ##
## Cache variables. ##
## ---------------- ##

ac_cv_env_CCC_set=
ac_cv_env_CCC_value=
ac_cv_env_CC_set=
ac_cv_env_CC_value=
ac_cv_env_CFLAGS_set=
ac_cv_env_CFLAGS_value=
ac_cv_env_CPPFLAGS_set=
ac_cv_env_CPPFLAGS_value=
ac_cv_env_CPP_set=
ac_cv_env_CPP_value=
ac_cv_env_CURSES_CFLAGS_set=
ac_cv_env_CURSES_CFLAGS_value=
ac_cv_env_CURSES_LIBS_set=
ac_cv_env_CURSES_LIBS_value=
ac_cv_env_CXXCPP_set=
ac_cv_env_CXXCPP_value=
ac_cv_env_CXXFLAGS_set=
ac_cv_env_CXXFLAGS_value=
ac_cv_env_CXX_set=
ac_cv_env_CXX_value=
ac_cv_env_ESD_CFLAGS_set=
ac_cv_env_ESD_CFLAGS_value=
ac_cv_env_ESD_LIBS_set=
ac_cv_env_ESD_LIBS_value=
ac_cv_env_EXPAT_CFLAGS_set=
ac_cv_env_EXPAT_CFLAGS_value=
ac_cv_env_EXPAT_LIBS_set=
ac_cv_env_EXPAT_LIBS_value=
ac_cv_env_GSTREAMER_CFLAGS_set=
ac_cv_env_GSTREAMER_CFLAGS_value=
ac_cv_env_GSTREAMER_LIBS_set=
ac_cv_env_GSTREAMER_LIBS_value=
ac_cv_env_LDFLAGS_set=
ac_cv_env_LDFLAGS_value=
ac_cv_env_LIBJPEG_CFLAGS_set=
ac_cv_env_LIBJPEG_CFLAGS_value=
ac_cv_env_LIBJPEG_LIBS_set=
ac_cv_env_LIBJPEG_LIBS_value=
ac_cv_env_LIBS_set=
ac_cv_env_LIBS_value=
ac_cv_env_LUA_CFLAGS_set=
ac_cv_env_LUA_CFLAGS_value=
ac_cv_env_LUA_LIBS_set=
ac_cv_env_LUA_LIBS_value=
ac_cv_env_ODBC_CFLAGS_set=
ac_cv_env_ODBC_CFLAGS_value=
ac_cv_env_ODBC_LIBS_set=
ac_cv_env_ODBC_LIBS_value=
ac_cv_env_OPENLDAP_CFLAGS_set=
ac_cv_env_OPENLDAP_CFLAGS_value=
ac_cv_env_OPENLDAP_LIBS_set=
ac_cv_env_OPENLDAP_LIBS_value=
ac_cv_env_OPENSSL_CFLAGS_set=
ac_cv_env_OPENSSL_CFLAGS_value=
ac_cv_env_OPENSSL_LIBS_set=
ac_cv_env_OPENSSL_LIBS_value=
ac_cv_env_PKG_CONFIG_LIBDIR_set=
ac_cv_env_PKG_CONFIG_LIBDIR_value=
ac_cv_env_PKG_CONFIG_PATH_set=
ac_cv_env_PKG_CONFIG_PATH_value=
ac_cv_env_PKG_CONFIG_set=
ac_cv_env_PKG_CONFIG_value=
ac_cv_env_PORTAUDIO_CFLAGS_set=
ac_cv_env_PORTAUDIO_CFLAGS_value=
ac_cv_env_PORTAUDIO_LIBS_set=
ac_cv_env_PORTAUDIO_LIBS_value=
ac_cv_env_SDL_CFLAGS_set=
ac_cv_env_SDL_CFLAGS_value=
ac_cv_env_SDL_LIBS_set=
ac_cv_env_SDL_LIBS_value=
ac_cv_env_V8_CFLAGS_set=
ac_cv_env_V8_CFLAGS_value=
ac_cv_env_V8_LIBS_set=
ac_cv_env_V8_LIBS_value=
ac_cv_env_build_alias_set=
ac_cv_env_build_alias_value=
ac_cv_env_host_alias_set=
ac_cv_env_host_alias_value=
ac_cv_env_target_alias_set=
ac_cv_env_target_alias_value=

## ----------------- ##
## Output variables. ##
## ----------------- ##

AR=''
ARFLAGS=''
BISON=''
CC=''
CFLAGS=''
CPP=''
CPPFLAGS=''
CURSES_CFLAGS=''
CURSES_LIBS=''
CURSES_SYSTEM=''
CURSES_USABLE=''
CXX=''
CXXCPP=''
CXXFLAGS=''
DC_CFLAGS=''
DEBUG_CFLAGS=''
DEBUG_CPPFLAGS=''
DEFS=''
ECHO_C='\c'
ECHO_N=''
ECHO_T=''
EGREP=''
ESD_CFLAGS=''
ESD_LIBS=''
EXEEXT=''
EXPAT_CFLAGS=''
EXPAT_LIBS=''
EXPAT_SYSTEM=''
EXPAT_USABLE=''
GREP=''
GSTREAMER_CFLAGS=''
GSTREAMER_LIBS=''
GSTREAMER_SYSTEM=''
GSTREAMER_USABLE=''
HAS_ALSA=''
HAS_APPSHARE=''
HAS_ASN=''
HAS_AUDIO=''
HAS_AVC1394=''
HAS_BSDVIDEOCAP=''
HAS_CLI=''
HAS_CONFIG_FILE=''
HAS_CURSES=''
HAS_DC1394=''
HAS_DIRECTSHOW=''
HAS_DIRECTSOUND=''
HAS_DNS_RESOLVER=''
HAS_DTMF=''
HAS_DYNALINK=''
HAS_ESD=''
HAS_EXCEPTIONS=''
HAS_EXPAT=''
HAS_FFVDEV=''
HAS_FTP=''
HAS_GSTREAMER=''
HAS_HTTP=''
HAS_HTTPFORMS=''
HAS_HTTPSVC=''
HAS_IPV6=''
HAS_JABBER=''
HAS_LIBJPEG=''
HAS_LUA=''
HAS_NAT=''
HAS_ODBC=''
HAS_OPENLDAP=''
HAS_OPENSSL=''
HAS_OSS=''
HAS_PCAP=''
HAS_PIPECHAN=''
HAS_PLUGINS=''
HAS_POP3SMTP=''
HAS_PORTAUDIO=''
HAS_PORTMIXER=''
HAS_PULSE=''
HAS_REGEX=''
HAS_REMCONN=''
HAS_SAMPLES='0'
HAS_SASL2=''
HAS_SASL=''
HAS_SDL=''
HAS_SERIAL=''
HAS_SHM_AUDIO=''
HAS_SHM_VIDEO=''
HAS_SNMP=''
HAS_SOAP=''
HAS_SOCKS=''
HAS_SSDP=''
HAS_SSL_AES=''
HAS_STUN=''
HAS_STUNSRVR=''
HAS_SUN_AUDIO=''
HAS_TELNET=''
HAS_TTS=''
HAS_URL=''
HAS_V4L2=''
HAS_V4L=''
HAS_V8=''
HAS_VCARD=''
HAS_VFW_CAPTURE=''
HAS_VIDEO=''
HAS_VIDFILE=''
HAS_VXML=''
HAS_WAVFILE=''
HAS_XMLRPC=''
INSTALL_DATA=''
INSTALL_PROGRAM=''
INSTALL_SCRIPT=''
LD=''
LDFLAGS=''
LIBJPEG_CFLAGS=''
LIBJPEG_LIBS=''
LIBJPEG_SYSTEM=''
LIBJPEG_USABLE=''
LIBOBJS=''
LIBS=''
LN_S=''
LTLIBOBJS=''
LUA_CFLAGS=''
LUA_LIBS=''
LUA_SYSTEM=''
LUA_USABLE=''
MKDIR_P=''
OBJEXT=''
ODBC_CFLAGS=''
ODBC_LIBS=''
ODBC_SYSTEM=''
ODBC_USABLE=''
OPENLDAP_CFLAGS=''
OPENLDAP_LIBS=''
OPENLDAP_SYSTEM=''
OPENLDAP_USABLE=''
OPENSSL_CFLAGS=''
OPENSSL_LIBS=''
OPENSSL_SYSTEM=''
OPENSSL_USABLE=''
OPT_CFLAGS=''
OPT_CPPFLAGS=''
PACKAGE_BUGREPORT=''
PACKAGE_NAME='PTLib'
PACKAGE_STRING='PTLib 2.13beta3'
PACKAGE_TARNAME='ptlib'
PACKAGE_URL=''
PACKAGE_VERSION='2.13beta3'
PATH_SEPARATOR=':'
PKG_CONFIG=''
PKG_CONFIG_LIBDIR=''
PKG_CONFIG_PATH=''
PORTAUDIO_CFLAGS=''
PORTAUDIO_LIBS=''
PORTAUDIO_SYSTEM=''
PORTAUDIO_USABLE=''
PTHREAD_CC=''
PTHREAD_CFLAGS=''
PTHREAD_LIBS=''
PTLIB_APPSHARE=''
PTLIB_ASN=''
PTLIB_AUDIO=''
PTLIB_BUILD=''
PTLIB_CLI=''
PTLIB_CONFIG_FILE=''
PTLIB_CURSES=''
PTLIB_DNS_RESOLVER=''
PTLIB_DTMF=''
PTLIB_DYNALINK=''
PTLIB_ESD=''
PTLIB_EXCEPTIONS=''
PTLIB_EXPAT=''
PTLIB_FFVDEV=''
PTLIB_FTP=''
PTLIB_GSTREAMER=''
PTLIB_HTTP=''
PTLIB_HTTPFORMS=''
PTLIB_HTTPSVC=''
PTLIB_IPV6=''
PTLIB_JABBER=''
PTLIB_LIBJPEG=''
PTLIB_LUA=''
PTLIB_MAJOR=''
PTLIB_MINOR=''
PTLIB_NAT=''
PTLIB_ODBC=''
PTLIB_OPENLDAP=''
PTLIB_OPENSSL=''
PTLIB_PCAP=''
PTLIB_PIPECHAN=''
PTLIB_PLUGINS=''
PTLIB_PLUGIN_DIR=''
PTLIB_POP3SMTP=''
PTLIB_PORTAUDIO=''
PTLIB_REGEX=''
PTLIB_REMCONN=''
PTLIB_SAMPLES=''
PTLIB_SASL2=''
PTLIB_SASL=''
PTLIB_SDL=''
PTLIB_SERIAL=''
PTLIB_SHM_VIDEO=''
PTLIB_SNMP=''
PTLIB_SOAP=''
PTLIB_SOCKS=''
PTLIB_SSDP=''
PTLIB_SSL_AES=''
PTLIB_STAGE=''
PTLIB_STUN=''
PTLIB_STUNSRVR=''
PTLIB_TELNET=''
PTLIB_TTS=''
PTLIB_URL=''
PTLIB_V8=''
PTLIB_VCARD=''
PTLIB_VERSION=''
PTLIB_VFW_CAPTURE=''
PTLIB_VIDEO=''
PTLIB_VIDFILE=''
PTLIB_VXML=''
PTLIB_WAVFILE=''
PTLIB_XMLRPC=''
RANLIB=''
SDL_CFLAGS=''
SDL_LIBS=''
SDL_SYSTEM=''
SDL_USABLE=''
SHAREDLIBEXT=''
SHARED_CPPFLAGS=''
SHARED_LDFLAGS=''
SHELL='/bin/sh'
STATICLIBEXT=''
SVN=''
V4L2_CFLAGS=''
V4L2_LIBS=''
V8_CFLAGS=''
V8_LIBS=''
V8_SYSTEM=''
V8_USABLE=''
ac_ct_CC=''
ac_ct_CXX=''
ax_pthread_config=''
bindir='${exec_prefix}/bin'
build=''
build_alias=''
build_cpu=''
build_os=''
build_vendor=''
datadir='${datarootdir}'
datarootdir='${prefix}/share'
docdir='${datarootdir}/doc/${PACKAGE_TARNAME}'
dvidir='${docdir}'
exec_prefix='NONE'
host=''
host_alias=''
host_cpu=''
host_os=''
host_vendor=''
htmldir='${docdir}'
includedir='${prefix}/include'
infodir='${datarootdir}/info'
libdir='${exec_prefix}/lib'
libexecdir='${exec_prefix}/libexec'
localedir='${datarootdir}/locale'
localstatedir='${prefix}/var'
makedir=''
mandir='${datarootdir}/man'
oldincludedir='/usr/include'
pdfdir='${docdir}'
prefix='NONE'
program_transform_name='s,x,x,'
psdir='${docdir}'
sbindir='${exec_prefix}/sbin'
sharedstatedir='${prefix}/com'
sysconfdir='${prefix}/etc'
target=''
target_alias=''
target_cpu=''
target_os=''
target_vendor=''

## ----------- ##
## confdefs.h. ##
## ----------- ##

/* confdefs.h */
#define PACKAGE_NAME "PTLib"
#define PACKAGE_TARNAME "ptlib"
#define PACKAGE_VERSION "2.13beta3"
#define PACKAGE_STRING "PTLib 2.13beta3"
#define PACKAGE_BUGREPORT ""
#define PACKAGE_URL ""

configure: exit 1
